<?xml version="1.0" encoding="UTF-8"?>
<!-- Generated by org.testng.reporters.JUnitXMLReporter -->
<testsuite ignored="0" hostname="TGU1DELL0085" failures="0" tests="6" name="Test1" time="17.162" errors="0" timestamp="2021-08-27T12:24:25 IST">
  <testcase classname="com.techigai.testng.ParallelTestingDemo2" name="test1" time="13.231"/>
  <testcase classname="com.techigai.testng.ParallelTestingDemo2" name="test3" time="15.99"/>
  <testcase classname="com.techigai.testng.ParallelTestingDemo" name="test3" time="15.99"/>
  <testcase classname="com.techigai.testng.ParallelTestingDemo2" name="test2" time="15.99"/>
  <testcase classname="com.techigai.testng.ParallelTestingDemo" name="test2" time="16.411"/>
  <testcase classname="com.techigai.testng.ParallelTestingDemo" name="test1" time="17.125"/>
</testsuite> <!-- Test1 -->
