<?xml version="1.0" encoding="UTF-8"?>
<testng-results ignored="0" total="2" passed="2" failed="0" skipped="0">
  <reporter-output>
  </reporter-output>
  <suite started-at="2021-09-02T14:37:33 IST" name="Default suite" finished-at="2021-09-02T14:37:53 IST" duration-ms="19675">
    <groups>
      <group name="regression">
        <method signature="GoDaddySite.printCurrentURL()[pri:0, instance:com.techigai.test.GoDaddySite@1b065145]" name="printCurrentURL" class="com.techigai.test.GoDaddySite"/>
        <method signature="GoDaddySite.printPageTitle()[pri:0, instance:com.techigai.test.GoDaddySite@1b065145]" name="printPageTitle" class="com.techigai.test.GoDaddySite"/>
      </group> <!-- regression -->
      <group name="godaddySite">
        <method signature="GoDaddySite.printCurrentURL()[pri:0, instance:com.techigai.test.GoDaddySite@1b065145]" name="printCurrentURL" class="com.techigai.test.GoDaddySite"/>
        <method signature="GoDaddySite.printPageTitle()[pri:0, instance:com.techigai.test.GoDaddySite@1b065145]" name="printPageTitle" class="com.techigai.test.GoDaddySite"/>
      </group> <!-- godaddySite -->
    </groups>
    <test started-at="2021-09-02T14:37:33 IST" name="Default test" finished-at="2021-09-02T14:37:53 IST" duration-ms="19675">
      <class name="com.techigai.test.GoDaddySite">
        <test-method is-config="true" signature="setUp()[pri:0, instance:com.techigai.test.GoDaddySite@1b065145]" started-at="2021-09-02T14:37:33 IST" name="setUp" finished-at="2021-09-02T14:37:33 IST" duration-ms="488" status="PASS">
          <reporter-output>
          </reporter-output>
        </test-method> <!-- setUp -->
        <test-method is-config="true" signature="launchChromeBrowser()[pri:0, instance:com.techigai.test.GoDaddySite@1b065145]" started-at="2021-09-02T14:37:33 IST" name="launchChromeBrowser" finished-at="2021-09-02T14:37:35 IST" duration-ms="1719" status="PASS">
          <reporter-output>
          </reporter-output>
        </test-method> <!-- launchChromeBrowser -->
        <test-method is-config="true" signature="maximizeWindow()[pri:0, instance:com.techigai.test.GoDaddySite@1b065145]" started-at="2021-09-02T14:37:35 IST" name="maximizeWindow" finished-at="2021-09-02T14:37:35 IST" duration-ms="133" status="PASS">
          <reporter-output>
          </reporter-output>
        </test-method> <!-- maximizeWindow -->
        <test-method is-config="true" signature="openUrl()[pri:0, instance:com.techigai.test.GoDaddySite@1b065145]" started-at="2021-09-02T14:37:35 IST" name="openUrl" finished-at="2021-09-02T14:37:37 IST" duration-ms="1700" status="PASS">
          <reporter-output>
          </reporter-output>
        </test-method> <!-- openUrl -->
        <test-method signature="printCurrentURL()[pri:0, instance:com.techigai.test.GoDaddySite@1b065145]" started-at="2021-09-02T14:37:37 IST" name="printCurrentURL" finished-at="2021-09-02T14:37:37 IST" duration-ms="21" status="PASS">
          <reporter-output>
          </reporter-output>
        </test-method> <!-- printCurrentURL -->
        <test-method is-config="true" signature="deleteCookies()[pri:0, instance:com.techigai.test.GoDaddySite@1b065145]" started-at="2021-09-02T14:37:37 IST" name="deleteCookies" finished-at="2021-09-02T14:37:44 IST" duration-ms="7072" status="PASS">
          <reporter-output>
          </reporter-output>
        </test-method> <!-- deleteCookies -->
        <test-method is-config="true" signature="tearDown(org.testng.ITestResult)[pri:0, instance:com.techigai.test.GoDaddySite@1b065145]" started-at="2021-09-02T14:37:44 IST" name="tearDown" finished-at="2021-09-02T14:37:44 IST" duration-ms="2" status="PASS">
          <params>
            <param index="0">
              <value>
                <![CDATA[[TestResult name=printCurrentURL status=SUCCESS method=GoDaddySite.printCurrentURL()[pri:0, instance:com.techigai.test.GoDaddySite@1b065145] output={null}]]]>
              </value>
            </param>
          </params>
          <reporter-output>
          </reporter-output>
        </test-method> <!-- tearDown -->
        <test-method is-config="true" signature="openUrl()[pri:0, instance:com.techigai.test.GoDaddySite@1b065145]" started-at="2021-09-02T14:37:44 IST" name="openUrl" finished-at="2021-09-02T14:37:44 IST" duration-ms="693" status="PASS">
          <reporter-output>
          </reporter-output>
        </test-method> <!-- openUrl -->
        <test-method signature="printPageTitle()[pri:0, instance:com.techigai.test.GoDaddySite@1b065145]" started-at="2021-09-02T14:37:44 IST" name="printPageTitle" finished-at="2021-09-02T14:37:44 IST" duration-ms="43" status="PASS">
          <reporter-output>
          </reporter-output>
        </test-method> <!-- printPageTitle -->
        <test-method is-config="true" signature="deleteCookies()[pri:0, instance:com.techigai.test.GoDaddySite@1b065145]" started-at="2021-09-02T14:37:44 IST" name="deleteCookies" finished-at="2021-09-02T14:37:52 IST" duration-ms="7067" status="PASS">
          <reporter-output>
          </reporter-output>
        </test-method> <!-- deleteCookies -->
        <test-method is-config="true" signature="tearDown(org.testng.ITestResult)[pri:0, instance:com.techigai.test.GoDaddySite@1b065145]" started-at="2021-09-02T14:37:52 IST" name="tearDown" finished-at="2021-09-02T14:37:52 IST" duration-ms="0" status="PASS">
          <params>
            <param index="0">
              <value>
                <![CDATA[[TestResult name=printPageTitle status=SUCCESS method=GoDaddySite.printPageTitle()[pri:0, instance:com.techigai.test.GoDaddySite@1b065145] output={null}]]]>
              </value>
            </param>
          </params>
          <reporter-output>
          </reporter-output>
        </test-method> <!-- tearDown -->
        <test-method is-config="true" signature="closeCurrentBrowser()[pri:0, instance:com.techigai.test.GoDaddySite@1b065145]" started-at="2021-09-02T14:37:52 IST" name="closeCurrentBrowser" finished-at="2021-09-02T14:37:52 IST" duration-ms="238" status="PASS">
          <reporter-output>
          </reporter-output>
        </test-method> <!-- closeCurrentBrowser -->
        <test-method is-config="true" signature="quitBrowser()[pri:0, instance:com.techigai.test.GoDaddySite@1b065145]" started-at="2021-09-02T14:37:52 IST" name="quitBrowser" finished-at="2021-09-02T14:37:53 IST" duration-ms="913" status="PASS">
          <reporter-output>
          </reporter-output>
        </test-method> <!-- quitBrowser -->
      </class> <!-- com.techigai.test.GoDaddySite -->
    </test> <!-- Default test -->
  </suite> <!-- Default suite -->
</testng-results>
