<?xml version="1.0" encoding="UTF-8"?>
<!-- Generated by org.testng.reporters.JUnitXMLReporter -->
<testsuite ignored="2" hostname="TGU1DELL0085" failures="0" tests="1" name="Test1(failed)" time="10.746" errors="0" timestamp="2021-08-27T12:30:21 IST">
  <testcase classname="com.techigai.testng.ParallelTestingDemo" name="test1" time="10.645"/>
  <testcase classname="com.techigai.testng.ParallelTestingDemo" name="test2" time="0.0">
    <ignored/>
  </testcase> <!-- test2 -->
  <testcase classname="com.techigai.testng.ParallelTestingDemo" name="test3" time="0.0">
    <ignored/>
  </testcase> <!-- test3 -->
</testsuite> <!-- Test1(failed) -->
